if [ ! -d "/home/projesh/Polymer_builder/include/vmd-1.9.3/build/lib/" ]; then \
	mkdir -p "/home/projesh/Polymer_builder/include/vmd-1.9.3/build/lib/" ; \
fi ; \
if [ ! -d "/home/projesh/Polymer_builder/include/vmd-1.9.3/build/bin/" ]; then \
	mkdir -p "/home/projesh/Polymer_builder/include/vmd-1.9.3/build/bin/" ; \
fi ; \
if [ ! -d "/home/projesh/Polymer_builder/include/vmd-1.9.3/build/lib/"/doc ]; then \
	mkdir -p "/home/projesh/Polymer_builder/include/vmd-1.9.3/build/lib/"/doc; \
fi
cp ../Announcement  "/home/projesh/Polymer_builder/include/vmd-1.9.3/build/lib/"
cp ../README        "/home/projesh/Polymer_builder/include/vmd-1.9.3/build/lib/"
cp ../LICENSE       "/home/projesh/Polymer_builder/include/vmd-1.9.3/build/lib/"
cp ../doc/ug.pdf        "/home/projesh/Polymer_builder/include/vmd-1.9.3/build/lib/"/doc
if [ -f /home/projesh/Polymer_builder/include/vmd-1.9.3/build/lib//vmd_LINUXAMD64 ]; then \
           mv -f "/home/projesh/Polymer_builder/include/vmd-1.9.3/build/lib//vmd_LINUXAMD64" "/home/projesh/Polymer_builder/include/vmd-1.9.3/build/lib//OLD_vmd_LINUXAMD64" ; rm -f "/home/projesh/Polymer_builder/include/vmd-1.9.3/build/lib//OLD_vmd_LINUXAMD64" ; fi
cp ../LINUXAMD64/vmd_LINUXAMD64 "/home/projesh/Polymer_builder/include/vmd-1.9.3/build/lib/"
if [ -d "../lib/redistrib/lib_LINUXAMD64" ]; then \
	cd ../lib/redistrib/lib_LINUXAMD64; tar -cf - ./* | \
	(cd "/home/projesh/Polymer_builder/include/vmd-1.9.3/build/lib/" ; tar -xf -) \
fi ;
cp ../lib/stride/stride_LINUXAMD64 ../lib/surf/surf_LINUXAMD64 ../lib/tachyon/tachyon_LINUXAMD64 "/home/projesh/Polymer_builder/include/vmd-1.9.3/build/lib/"
cd ..; tar -cf - scripts | \
(cd "/home/projesh/Polymer_builder/include/vmd-1.9.3/build/lib/" ; tar -xf -)
cd ../lib; tar -cf - scripts | \
(cd "/home/projesh/Polymer_builder/include/vmd-1.9.3/build/lib/" ; tar -xf -)
cd ..; tar -cf - python | \
(cd "/home/projesh/Polymer_builder/include/vmd-1.9.3/build/lib/"/scripts ; tar -xf -)
cd ..; tar -cf - plugins | \
(cd "/home/projesh/Polymer_builder/include/vmd-1.9.3/build/lib/" ; tar -xf -)
cd ..; tar -cf - shaders | \
(cd "/home/projesh/Polymer_builder/include/vmd-1.9.3/build/lib/" ; tar -xf -)
if [ -f ../LINUXAMD64/OptiXShaders.ptx ]; then \
	cp ../LINUXAMD64/OptiXShaders.ptx "/home/projesh/Polymer_builder/include/vmd-1.9.3/build/lib//shaders"; \
fi; 
cp ../data/.vmdrc ../data/.vmdsensors ../data/vmd_completion.dat "/home/projesh/Polymer_builder/include/vmd-1.9.3/build/lib/"
cd ../bin ; \
if [ -f run_vmd_tmp ]; then rm -f run_vmd_tmp; fi ; \
if [ ! -x "/bin/csh" ]; then \
	echo "Info: /bin/csh shell not found, installing Bourne shell startup script instead" ; \
	echo '#!/bin/sh' >> run_vmd_tmp ; \
	echo 'defaultvmddir="/home/projesh/Polymer_builder/include/vmd-1.9.3/build/lib/"' >> run_vmd_tmp ; \
	echo 'vmdbasename=vmd' >> run_vmd_tmp ; \
	cat vmd.sh >> run_vmd_tmp ; \
else \
	echo '#!/bin/csh' >> run_vmd_tmp ; \
	echo 'set defaultvmddir="/home/projesh/Polymer_builder/include/vmd-1.9.3/build/lib/"' >> run_vmd_tmp ; \
	echo 'set vmdbasename=vmd' >> run_vmd_tmp ; \
	cat vmd.csh >> run_vmd_tmp ; \
fi ; \
chmod +x run_vmd_tmp ; \
cp run_vmd_tmp "/home/projesh/Polymer_builder/include/vmd-1.9.3/build/bin/"/vmd ; \
rm -f run_vmd_tmp
Info: /bin/csh shell not found, installing Bourne shell startup script instead
echo Make sure "/home/projesh/Polymer_builder/include/vmd-1.9.3/build/bin/"/vmd is in your path.
Make sure /home/projesh/Polymer_builder/include/vmd-1.9.3/build/bin//vmd is in your path.
echo "VMD installation complete.  Enjoy!"
VMD installation complete.  Enjoy!
